<?xml version="1.0" encoding="UTF-8"?>
<testng-results ignored="0" total="1" passed="1" failed="0" skipped="0">
  <reporter-output>
    <line>
      <![CDATA[Test case passed........]]>
    </line>
  </reporter-output>
  <suite started-at="2022-10-15T23:22:00 IST" name="Suite" finished-at="2022-10-15T23:22:17 IST" duration-ms="16777">
    <groups>
    </groups>
    <test started-at="2022-10-15T23:22:00 IST" name="Test" finished-at="2022-10-15T23:22:17 IST" duration-ms="16777">
      <class name="com.facebook.testScripts.VerifySignUpPage">
        <test-method is-config="true" signature="setUp(java.lang.String)[pri:0, instance:com.facebook.testScripts.VerifySignUpPage@52bf72b5]" started-at="2022-10-15T23:22:00 IST" name="setUp" finished-at="2022-10-15T23:22:09 IST" duration-ms="9227" status="PASS">
          <params>
            <param index="0">
              <value>
                <![CDATA[chrome]]>
              </value>
            </param>
          </params>
          <reporter-output>
          </reporter-output>
        </test-method> <!-- setUp -->
        <test-method signature="verifySignUpPage()[pri:0, instance:com.facebook.testScripts.VerifySignUpPage@52bf72b5]" started-at="2022-10-15T23:22:10 IST" name="verifySignUpPage" finished-at="2022-10-15T23:22:14 IST" duration-ms="4191" status="PASS">
          <reporter-output>
            <line>
              <![CDATA[Test case passed........]]>
            </line>
          </reporter-output>
        </test-method> <!-- verifySignUpPage -->
        <test-method is-config="true" signature="tearDown()[pri:0, instance:com.facebook.testScripts.VerifySignUpPage@52bf72b5]" started-at="2022-10-15T23:22:14 IST" name="tearDown" finished-at="2022-10-15T23:22:17 IST" duration-ms="3229" status="PASS">
          <reporter-output>
          </reporter-output>
        </test-method> <!-- tearDown -->
      </class> <!-- com.facebook.testScripts.VerifySignUpPage -->
    </test> <!-- Test -->
  </suite> <!-- Suite -->
</testng-results>
